<?xml version="1.0" encoding="UTF-8"?>
<testng-results ignored="0" total="5" passed="4" failed="1" skipped="0">
  <reporter-output>
  </reporter-output>
  <suite started-at="2023-02-05T22:47:29 IST" name="Suite" finished-at="2023-02-05T22:47:54 IST" duration-ms="24994">
    <groups>
    </groups>
    <test started-at="2023-02-05T22:47:29 IST" name="Test" finished-at="2023-02-05T22:47:54 IST" duration-ms="24994">
      <class name="tests.LoginTest">
        <test-method is-config="true" signature="setup()[pri:0, instance:tests.LoginTest@54e1c68b]" started-at="2023-02-05T22:47:42 IST" name="setup" finished-at="2023-02-05T22:47:44 IST" duration-ms="2056" status="PASS">
          <reporter-output>
          </reporter-output>
        </test-method> <!-- setup -->
        <test-method signature="loginWithValidCredentails()[pri:1, instance:tests.LoginTest@54e1c68b]" started-at="2023-02-05T22:47:44 IST" name="loginWithValidCredentails" finished-at="2023-02-05T22:47:46 IST" duration-ms="1867" status="PASS">
          <reporter-output>
          </reporter-output>
        </test-method> <!-- loginWithValidCredentails -->
        <test-method is-config="true" signature="tearDown()[pri:0, instance:tests.LoginTest@54e1c68b]" started-at="2023-02-05T22:47:46 IST" name="tearDown" finished-at="2023-02-05T22:47:46 IST" duration-ms="324" status="PASS">
          <reporter-output>
          </reporter-output>
        </test-method> <!-- tearDown -->
        <test-method is-config="true" signature="setup()[pri:0, instance:tests.LoginTest@54e1c68b]" started-at="2023-02-05T22:47:46 IST" name="setup" finished-at="2023-02-05T22:47:48 IST" duration-ms="1951" status="PASS">
          <reporter-output>
          </reporter-output>
        </test-method> <!-- setup -->
        <test-method signature="loginWithInvalidEmailAddressAndValidPassword()[pri:2, instance:tests.LoginTest@54e1c68b]" started-at="2023-02-05T22:47:48 IST" name="loginWithInvalidEmailAddressAndValidPassword" finished-at="2023-02-05T22:47:50 IST" duration-ms="1520" status="PASS">
          <reporter-output>
          </reporter-output>
        </test-method> <!-- loginWithInvalidEmailAddressAndValidPassword -->
        <test-method is-config="true" signature="tearDown()[pri:0, instance:tests.LoginTest@54e1c68b]" started-at="2023-02-05T22:47:50 IST" name="tearDown" finished-at="2023-02-05T22:47:50 IST" duration-ms="321" status="PASS">
          <reporter-output>
          </reporter-output>
        </test-method> <!-- tearDown -->
        <test-method is-config="true" signature="setup()[pri:0, instance:tests.LoginTest@54e1c68b]" started-at="2023-02-05T22:47:50 IST" name="setup" finished-at="2023-02-05T22:47:52 IST" duration-ms="2001" status="PASS">
          <reporter-output>
          </reporter-output>
        </test-method> <!-- setup -->
        <test-method signature="loginWithValidEmailAddressAndInvalidValidPassword()[pri:3, instance:tests.LoginTest@54e1c68b]" started-at="2023-02-05T22:47:52 IST" name="loginWithValidEmailAddressAndInvalidValidPassword" finished-at="2023-02-05T22:47:54 IST" duration-ms="1442" status="PASS">
          <reporter-output>
          </reporter-output>
        </test-method> <!-- loginWithValidEmailAddressAndInvalidValidPassword -->
        <test-method is-config="true" signature="tearDown()[pri:0, instance:tests.LoginTest@54e1c68b]" started-at="2023-02-05T22:47:54 IST" name="tearDown" finished-at="2023-02-05T22:47:54 IST" duration-ms="305" status="PASS">
          <reporter-output>
          </reporter-output>
        </test-method> <!-- tearDown -->
      </class> <!-- tests.LoginTest -->
      <class name="tests.RegisterTest">
        <test-method is-config="true" signature="setup()[pri:0, instance:tests.RegisterTest@2805d709]" started-at="2023-02-05T22:47:29 IST" name="setup" finished-at="2023-02-05T22:47:34 IST" duration-ms="4814" status="PASS">
          <reporter-output>
          </reporter-output>
        </test-method> <!-- setup -->
        <test-method signature="registerNewAccountByProvidingAllDetails()[pri:1, instance:tests.RegisterTest@2805d709]" started-at="2023-02-05T22:47:34 IST" name="registerNewAccountByProvidingAllDetails" finished-at="2023-02-05T22:47:37 IST" duration-ms="2732" status="FAIL">
          <exception class="java.lang.AssertionError">
            <message>
              <![CDATA[expected [ABC Your Account Has Been Created!] but found [Your Account Has Been Created!]]]>
            </message>
            <full-stacktrace>
              <![CDATA[java.lang.AssertionError: expected [ABC Your Account Has Been Created!] but found [Your Account Has Been Created!]
at org.testng.Assert.fail(Assert.java:99)
at org.testng.Assert.failNotEquals(Assert.java:1037)
at org.testng.Assert.assertEqualsImpl(Assert.java:140)
at org.testng.Assert.assertEquals(Assert.java:122)
at org.testng.Assert.assertEquals(Assert.java:629)
at org.testng.Assert.assertEquals(Assert.java:639)
at tests.RegisterTest.registerNewAccountByProvidingAllDetails(RegisterTest.java:40)
at java.base/jdk.internal.reflect.NativeMethodAccessorImpl.invoke0(Native Method)
at java.base/jdk.internal.reflect.NativeMethodAccessorImpl.invoke(NativeMethodAccessorImpl.java:77)
at java.base/jdk.internal.reflect.DelegatingMethodAccessorImpl.invoke(DelegatingMethodAccessorImpl.java:43)
at java.base/java.lang.reflect.Method.invoke(Method.java:568)
at org.testng.internal.MethodInvocationHelper.invokeMethod(MethodInvocationHelper.java:133)
at org.testng.internal.TestInvoker.invokeMethod(TestInvoker.java:598)
at org.testng.internal.TestInvoker.invokeTestMethod(TestInvoker.java:173)
at org.testng.internal.MethodRunner.runInSequence(MethodRunner.java:46)
at org.testng.internal.TestInvoker$MethodInvocationAgent.invoke(TestInvoker.java:824)
at org.testng.internal.TestInvoker.invokeTestMethods(TestInvoker.java:146)
at org.testng.internal.TestMethodWorker.invokeTestMethods(TestMethodWorker.java:146)
at org.testng.internal.TestMethodWorker.run(TestMethodWorker.java:128)
at java.base/java.util.ArrayList.forEach(ArrayList.java:1511)
at org.testng.TestRunner.privateRun(TestRunner.java:794)
at org.testng.TestRunner.run(TestRunner.java:596)
at org.testng.SuiteRunner.runTest(SuiteRunner.java:377)
at org.testng.SuiteRunner.runSequentially(SuiteRunner.java:371)
at org.testng.SuiteRunner.privateRun(SuiteRunner.java:332)
at org.testng.SuiteRunner.run(SuiteRunner.java:276)
at org.testng.SuiteRunnerWorker.runSuite(SuiteRunnerWorker.java:53)
at org.testng.SuiteRunnerWorker.run(SuiteRunnerWorker.java:96)
at org.testng.TestNG.runSuitesSequentially(TestNG.java:1212)
at org.testng.TestNG.runSuitesLocally(TestNG.java:1134)
at org.testng.TestNG.runSuites(TestNG.java:1063)
at org.testng.TestNG.run(TestNG.java:1031)
at org.apache.maven.surefire.testng.TestNGExecutor.run(TestNGExecutor.java:284)
at org.apache.maven.surefire.testng.TestNGXmlTestSuite.execute(TestNGXmlTestSuite.java:75)
at org.apache.maven.surefire.testng.TestNGProvider.invoke(TestNGProvider.java:119)
at org.apache.maven.surefire.booter.ForkedBooter.runSuitesInProcess(ForkedBooter.java:428)
at org.apache.maven.surefire.booter.ForkedBooter.execute(ForkedBooter.java:162)
at org.apache.maven.surefire.booter.ForkedBooter.run(ForkedBooter.java:562)
at org.apache.maven.surefire.booter.ForkedBooter.main(ForkedBooter.java:548)
]]>
            </full-stacktrace>
          </exception> <!-- java.lang.AssertionError -->
          <reporter-output>
          </reporter-output>
        </test-method> <!-- registerNewAccountByProvidingAllDetails -->
        <test-method is-config="true" signature="tearDown()[pri:0, instance:tests.RegisterTest@2805d709]" started-at="2023-02-05T22:47:37 IST" name="tearDown" finished-at="2023-02-05T22:47:37 IST" duration-ms="377" status="PASS">
          <reporter-output>
          </reporter-output>
        </test-method> <!-- tearDown -->
        <test-method is-config="true" signature="setup()[pri:0, instance:tests.RegisterTest@2805d709]" started-at="2023-02-05T22:47:37 IST" name="setup" finished-at="2023-02-05T22:47:39 IST" duration-ms="2140" status="PASS">
          <reporter-output>
          </reporter-output>
        </test-method> <!-- setup -->
        <test-method signature="registerNewAccountByProvidingMandatoryDetails()[pri:2, instance:tests.RegisterTest@2805d709]" started-at="2023-02-05T22:47:39 IST" name="registerNewAccountByProvidingMandatoryDetails" finished-at="2023-02-05T22:47:42 IST" duration-ms="2463" status="PASS">
          <reporter-output>
          </reporter-output>
        </test-method> <!-- registerNewAccountByProvidingMandatoryDetails -->
        <test-method is-config="true" signature="tearDown()[pri:0, instance:tests.RegisterTest@2805d709]" started-at="2023-02-05T22:47:42 IST" name="tearDown" finished-at="2023-02-05T22:47:42 IST" duration-ms="338" status="PASS">
          <reporter-output>
          </reporter-output>
        </test-method> <!-- tearDown -->
      </class> <!-- tests.RegisterTest -->
    </test> <!-- Test -->
  </suite> <!-- Suite -->
</testng-results>
