<?xml version="1.0" encoding="UTF-8"?>
<testng-results ignored="0" total="5" passed="4" failed="1" skipped="0">
  <reporter-output>
  </reporter-output>
  <suite started-at="2023-02-04T13:53:35 IST" name="Suite" finished-at="2023-02-04T13:53:59 IST" duration-ms="23796">
    <groups>
    </groups>
    <test started-at="2023-02-04T13:53:35 IST" name="Test" finished-at="2023-02-04T13:53:59 IST" duration-ms="23796">
      <class name="tests.LoginTest">
        <test-method is-config="true" signature="setup()[pri:0, instance:tests.LoginTest@5f049ea1]" started-at="2023-02-04T13:53:48 IST" name="setup" finished-at="2023-02-04T13:53:49 IST" duration-ms="1948" status="PASS">
          <reporter-output>
          </reporter-output>
        </test-method> <!-- setup -->
        <test-method signature="loginWithValidCredentails()[pri:1, instance:tests.LoginTest@5f049ea1]" started-at="2023-02-04T13:53:49 IST" name="loginWithValidCredentails" finished-at="2023-02-04T13:53:51 IST" duration-ms="1648" status="PASS">
          <reporter-output>
          </reporter-output>
        </test-method> <!-- loginWithValidCredentails -->
        <test-method is-config="true" signature="tearDown()[pri:0, instance:tests.LoginTest@5f049ea1]" started-at="2023-02-04T13:53:51 IST" name="tearDown" finished-at="2023-02-04T13:53:51 IST" duration-ms="291" status="PASS">
          <reporter-output>
          </reporter-output>
        </test-method> <!-- tearDown -->
        <test-method is-config="true" signature="setup()[pri:0, instance:tests.LoginTest@5f049ea1]" started-at="2023-02-04T13:53:51 IST" name="setup" finished-at="2023-02-04T13:53:53 IST" duration-ms="2004" status="PASS">
          <reporter-output>
          </reporter-output>
        </test-method> <!-- setup -->
        <test-method signature="loginWithInvalidEmailAddressAndValidPassword()[pri:2, instance:tests.LoginTest@5f049ea1]" started-at="2023-02-04T13:53:53 IST" name="loginWithInvalidEmailAddressAndValidPassword" finished-at="2023-02-04T13:53:55 IST" duration-ms="1505" status="PASS">
          <reporter-output>
          </reporter-output>
        </test-method> <!-- loginWithInvalidEmailAddressAndValidPassword -->
        <test-method is-config="true" signature="tearDown()[pri:0, instance:tests.LoginTest@5f049ea1]" started-at="2023-02-04T13:53:55 IST" name="tearDown" finished-at="2023-02-04T13:53:55 IST" duration-ms="285" status="PASS">
          <reporter-output>
          </reporter-output>
        </test-method> <!-- tearDown -->
        <test-method is-config="true" signature="setup()[pri:0, instance:tests.LoginTest@5f049ea1]" started-at="2023-02-04T13:53:55 IST" name="setup" finished-at="2023-02-04T13:53:57 IST" duration-ms="1925" status="PASS">
          <reporter-output>
          </reporter-output>
        </test-method> <!-- setup -->
        <test-method signature="loginWithValidEmailAddressAndInvalidValidPassword()[pri:3, instance:tests.LoginTest@5f049ea1]" started-at="2023-02-04T13:53:57 IST" name="loginWithValidEmailAddressAndInvalidValidPassword" finished-at="2023-02-04T13:53:59 IST" duration-ms="1434" status="PASS">
          <reporter-output>
          </reporter-output>
        </test-method> <!-- loginWithValidEmailAddressAndInvalidValidPassword -->
        <test-method is-config="true" signature="tearDown()[pri:0, instance:tests.LoginTest@5f049ea1]" started-at="2023-02-04T13:53:59 IST" name="tearDown" finished-at="2023-02-04T13:53:59 IST" duration-ms="285" status="PASS">
          <reporter-output>
          </reporter-output>
        </test-method> <!-- tearDown -->
      </class> <!-- tests.LoginTest -->
      <class name="tests.RegisterTest">
        <test-method is-config="true" signature="setup()[pri:0, instance:tests.RegisterTest@470734c3]" started-at="2023-02-04T13:53:35 IST" name="setup" finished-at="2023-02-04T13:53:39 IST" duration-ms="4080" status="PASS">
          <reporter-output>
          </reporter-output>
        </test-method> <!-- setup -->
        <test-method signature="registerNewAccountByProvidingAllDetails()[pri:1, instance:tests.RegisterTest@470734c3]" started-at="2023-02-04T13:53:39 IST" name="registerNewAccountByProvidingAllDetails" finished-at="2023-02-04T13:53:42 IST" duration-ms="2828" status="FAIL">
          <exception class="java.lang.AssertionError">
            <message>
              <![CDATA[expected [ABC Your Account Has Been Created!] but found [Your Account Has Been Created!]]]>
            </message>
            <full-stacktrace>
              <![CDATA[java.lang.AssertionError: expected [ABC Your Account Has Been Created!] but found [Your Account Has Been Created!]
at org.testng.Assert.fail(Assert.java:99)
at org.testng.Assert.failNotEquals(Assert.java:1037)
at org.testng.Assert.assertEqualsImpl(Assert.java:140)
at org.testng.Assert.assertEquals(Assert.java:122)
at org.testng.Assert.assertEquals(Assert.java:629)
at org.testng.Assert.assertEquals(Assert.java:639)
at tests.RegisterTest.registerNewAccountByProvidingAllDetails(RegisterTest.java:40)
at java.base/jdk.internal.reflect.NativeMethodAccessorImpl.invoke0(Native Method)
at java.base/jdk.internal.reflect.NativeMethodAccessorImpl.invoke(NativeMethodAccessorImpl.java:77)
at java.base/jdk.internal.reflect.DelegatingMethodAccessorImpl.invoke(DelegatingMethodAccessorImpl.java:43)
at java.base/java.lang.reflect.Method.invoke(Method.java:568)
at org.testng.internal.MethodInvocationHelper.invokeMethod(MethodInvocationHelper.java:133)
at org.testng.internal.TestInvoker.invokeMethod(TestInvoker.java:598)
at org.testng.internal.TestInvoker.invokeTestMethod(TestInvoker.java:173)
at org.testng.internal.MethodRunner.runInSequence(MethodRunner.java:46)
at org.testng.internal.TestInvoker$MethodInvocationAgent.invoke(TestInvoker.java:824)
at org.testng.internal.TestInvoker.invokeTestMethods(TestInvoker.java:146)
at org.testng.internal.TestMethodWorker.invokeTestMethods(TestMethodWorker.java:146)
at org.testng.internal.TestMethodWorker.run(TestMethodWorker.java:128)
at java.base/java.util.ArrayList.forEach(ArrayList.java:1511)
at org.testng.TestRunner.privateRun(TestRunner.java:794)
at org.testng.TestRunner.run(TestRunner.java:596)
at org.testng.SuiteRunner.runTest(SuiteRunner.java:377)
at org.testng.SuiteRunner.runSequentially(SuiteRunner.java:371)
at org.testng.SuiteRunner.privateRun(SuiteRunner.java:332)
at org.testng.SuiteRunner.run(SuiteRunner.java:276)
at org.testng.SuiteRunnerWorker.runSuite(SuiteRunnerWorker.java:53)
at org.testng.SuiteRunnerWorker.run(SuiteRunnerWorker.java:96)
at org.testng.TestNG.runSuitesSequentially(TestNG.java:1212)
at org.testng.TestNG.runSuitesLocally(TestNG.java:1134)
at org.testng.TestNG.runSuites(TestNG.java:1063)
at org.testng.TestNG.run(TestNG.java:1031)
at org.testng.remote.AbstractRemoteTestNG.run(AbstractRemoteTestNG.java:115)
at org.testng.remote.RemoteTestNG.initAndRun(RemoteTestNG.java:251)
at org.testng.remote.RemoteTestNG.main(RemoteTestNG.java:77)
]]>
            </full-stacktrace>
          </exception> <!-- java.lang.AssertionError -->
          <reporter-output>
          </reporter-output>
        </test-method> <!-- registerNewAccountByProvidingAllDetails -->
        <test-method is-config="true" signature="tearDown()[pri:0, instance:tests.RegisterTest@470734c3]" started-at="2023-02-04T13:53:42 IST" name="tearDown" finished-at="2023-02-04T13:53:43 IST" duration-ms="347" status="PASS">
          <reporter-output>
          </reporter-output>
        </test-method> <!-- tearDown -->
        <test-method is-config="true" signature="setup()[pri:0, instance:tests.RegisterTest@470734c3]" started-at="2023-02-04T13:53:43 IST" name="setup" finished-at="2023-02-04T13:53:45 IST" duration-ms="2113" status="PASS">
          <reporter-output>
          </reporter-output>
        </test-method> <!-- setup -->
        <test-method signature="registerNewAccountByProvidingMandatoryDetails()[pri:2, instance:tests.RegisterTest@470734c3]" started-at="2023-02-04T13:53:45 IST" name="registerNewAccountByProvidingMandatoryDetails" finished-at="2023-02-04T13:53:47 IST" duration-ms="2416" status="PASS">
          <reporter-output>
          </reporter-output>
        </test-method> <!-- registerNewAccountByProvidingMandatoryDetails -->
        <test-method is-config="true" signature="tearDown()[pri:0, instance:tests.RegisterTest@470734c3]" started-at="2023-02-04T13:53:47 IST" name="tearDown" finished-at="2023-02-04T13:53:48 IST" duration-ms="308" status="PASS">
          <reporter-output>
          </reporter-output>
        </test-method> <!-- tearDown -->
      </class> <!-- tests.RegisterTest -->
    </test> <!-- Test -->
  </suite> <!-- Suite -->
</testng-results>
